<?xml version="1.0" encoding="UTF-8"?>
<!-- Generated by org.testng.reporters.JUnitReportReporter -->
<testsuite hostname="Shadow-PC" name="com.system_resources.DISK_InfoNGTest" tests="1" failures="0" timestamp="14 Apr 2017 17:33:13 GMT" time="0.001" errors="0">
  <testcase name="testGetDiskPercentUsage" time="0.001" classname="com.system_resources.DISK_InfoNGTest"/>
</testsuite> <!-- com.system_resources.DISK_InfoNGTest -->
