<?xml version="1.0" encoding="UTF-8"?>
<!-- Generated by org.testng.reporters.JUnitReportReporter -->
<testsuite hostname="Shadow-PC" name="com.main.MainNGTest" tests="1" failures="0" timestamp="14 Apr 2017 17:33:13 GMT" time="0.246" errors="0">
  <testcase name="testMain" time="0.246" classname="com.main.MainNGTest"/>
</testsuite> <!-- com.main.MainNGTest -->
