<?xml version="1.0" encoding="UTF-8"?>
<!-- Generated by org.testng.reporters.JUnitReportReporter -->
<testsuite hostname="Shadow-PC" name="com.misc.CustomPanelNGTest" tests="1" failures="0" timestamp="14 Apr 2017 17:33:13 GMT" time="0.137" errors="0">
  <testcase name="testUpdateProgress" time="0.137" classname="com.misc.CustomPanelNGTest"/>
</testsuite> <!-- com.misc.CustomPanelNGTest -->
