<?xml version="1.0" encoding="UTF-8"?>
<!-- Generated by org.testng.reporters.JUnitReportReporter -->
<testsuite hostname="Shadow-PC" name="com.system_resources.CPU_InfoNGTest" tests="1" failures="0" timestamp="14 Apr 2017 17:32:05 GMT" time="0.796" errors="0">
  <testcase name="testGetProcessCpuLoad" time="0.796" classname="com.system_resources.CPU_InfoNGTest"/>
</testsuite> <!-- com.system_resources.CPU_InfoNGTest -->
