<?xml version="1.0" encoding="UTF-8"?>
<!-- Generated by org.testng.reporters.JUnitReportReporter -->
<testsuite hostname="Shadow-PC" name="com.misc.SystemInfoNGTest" tests="6" failures="0" timestamp="14 Apr 2017 17:33:13 GMT" time="0.009" errors="0">
  <testcase name="testUsedMem" time="0.000" classname="com.misc.SystemInfoNGTest"/>
  <testcase name="testOSversion" time="0.000" classname="com.misc.SystemInfoNGTest"/>
  <testcase name="testGetRealArchWindows" time="0.003" classname="com.misc.SystemInfoNGTest"/>
  <testcase name="testTotalMem" time="0.004" classname="com.misc.SystemInfoNGTest"/>
  <testcase name="testOSname" time="0.001" classname="com.misc.SystemInfoNGTest"/>
  <testcase name="testOsArch" time="0.001" classname="com.misc.SystemInfoNGTest"/>
</testsuite> <!-- com.misc.SystemInfoNGTest -->
